{
  "stats": {
    "suites": 1,
    "tests": 5,
    "passes": 5,
    "pending": 0,
    "failures": 0,
    "start": "2025-05-11T19:54:34.922Z",
    "end": "2025-05-11T19:55:31.218Z",
    "duration": 56296,
    "testsRegistered": 5,
    "passPercent": 100,
    "pendingPercent": 0,
    "other": 0,
    "hasOther": false,
    "skipped": 0,
    "hasSkipped": false
  },
  "results": [
    {
      "uuid": "b9426ff1-0f52-4575-86d5-a34f90fd739f",
      "title": "",
      "fullFile": "cypress/e2e/iDoklad.cy.js",
      "file": "cypress/e2e/iDoklad.cy.js",
      "beforeHooks": [],
      "afterHooks": [],
      "tests": [],
      "suites": [
        {
          "uuid": "7b8c46bc-c127-4fc6-912f-363a9df14359",
          "title": "i-Doklad",
          "fullFile": "",
          "file": "",
          "beforeHooks": [],
          "afterHooks": [],
          "tests": [
            {
              "title": "Create contact",
              "fullTitle": "i-Doklad Create contact",
              "timedOut": null,
              "duration": 17719,
              "state": "passed",
              "speed": "slow",
              "pass": true,
              "fail": false,
              "pending": false,
              "context": null,
              "code": "// Open new contact form\ncy.getByDataUiId('csw-new-item').click();\ncy.getByDataUiId('csw-new-item-contact').as('createContact').should('exist');\ncy.get('@createContact').click();\ncy.get('.heading-wrapper').find('h1').as('sectionTitle').should('exist');\ncy.get('@sectionTitle').contains('Nový kontakt');\ncy.getByDataUiId('csw-save-new-contact').as('saveNewContact').should('exist');\ncy.get('@saveNewContact').click();\ncy.get('.errors-wrapper').as('validations').should('be.visible');\ncy.get('[name=\"CountryId\"]').parent().find('button').as('country').should('exist');\ncy.get('@country').click();\ncy.get('.k-list-filter').as('countrySearch').should('exist');\ncy.get('@countrySearch').type(_contacts.default[2].countrySearchValue);\ncy.get('ul[role=\"listbox\"]').find('li').as('targetCountry').should('have.length', 1);\ncy.get('@targetCountry').should('contain', _contacts.default[2].country).click();\ncy.get('[name=\"CompanyName\"]').as('companyName').should('exist');\ncy.get('@companyName').type(_contacts.default[2].name);\ncy.get('[name=\"IdentificationNumber\"]').as('identificationNumber').should('exist');\ncy.get('@identificationNumber').type(_contacts.default[2].identificationNumber);\ncy.intercept('GET', '**/api/Contact/ReadAjax**').as('readContactsPageTime');\ncy.get('@saveNewContact').click();\ncy.get('.errors-wrapper').should('not.exist');\ncy.getByDataUiId('csw-toast-message').should('be.visible').and('contain', _contacts.default[2].name);\ncy.wait('@readContactsPageTime', {\n  timeout: 5000\n});",
              "err": {},
              "uuid": "9b55cf14-a486-430c-beeb-abd333056e15",
              "parentUUID": "7b8c46bc-c127-4fc6-912f-363a9df14359",
              "isHook": false,
              "skipped": false
            },
            {
              "title": "Edit first contact",
              "fullTitle": "i-Doklad Edit first contact",
              "timedOut": null,
              "duration": 9224,
              "state": "passed",
              "speed": "medium",
              "pass": true,
              "fail": false,
              "pending": false,
              "context": null,
              "code": "// Go to contacts list\ncy.intercept('GET', '**/api/Contact/IndexData').as('getContactsPageTime');\ncy.getByDataUiId('csw-side-menu-address-book').should('exist').click();\ncy.wait('@getContactsPageTime', {\n  timeout: 5000\n});\n// Edit contact\ncy.get('.k-grid-container > div > div > table[role=\"presentation\"]').as('contactsTable').should('exist');\ncy.get('@contactsTable').find('tr').first().as('selectedContact').should('exist');\ncy.get('@selectedContact').within(() => {\n  cy.getByDataUiId('csw-row-action-edit').as('editContact').should('exist');\n  cy.get('@editContact').click();\n});\ncy.get('[name=\"CountryId\"]').parent().find('button').as('country').should('exist');\ncy.get('@country').click();\ncy.get('.k-list-filter').as('countrySearch').should('exist');\ncy.get('@countrySearch').type(_contacts.default[1].countrySearchValue);\ncy.get('ul[role=\"listbox\"]').find('li').as('targetCountry').should('have.length', 1);\ncy.get('@targetCountry').should('contain', _contacts.default[1].country).click();\ncy.get('[name=\"CompanyName\"]').as('companyName').should('exist');\ncy.get('@companyName').clear().type(_contacts.default[1].name);\ncy.get('[name=\"IdentificationNumber\"]').as('identificationNumber').should('exist');\ncy.get('@identificationNumber').clear().type(_contacts.default[1].identificationNumber);\ncy.get('[name=\"Street\"]').as('street').should('exist');\ncy.get('@street').clear().type(_contacts.default[1].street);\ncy.get('[name=\"PostalCode\"]').as('postalCode').should('exist');\ncy.get('@postalCode').clear().type(_contacts.default[1].postalCode);\ncy.get('[name=\"City\"]').as('city').should('exist');\ncy.get('@city').clear().type(_contacts.default[1].city);\n// Save contact\ncy.getByDataUiId('csw-save-new-contact').as('saveNewContact').should('exist');\ncy.intercept('GET', '**/api/Contact/ReadAjax**').as('readContactsPageTime');\ncy.get('@saveNewContact').click();\ncy.get('.errors-wrapper').should('not.exist');\ncy.getByDataUiId('csw-toast-message').should('be.visible').and('contain', _domData.default.contactEdited);\ncy.wait('@readContactsPageTime', {\n  timeout: 5000\n});",
              "err": {},
              "uuid": "56bb1d93-8dfd-42a7-936c-e64e645aaafc",
              "parentUUID": "7b8c46bc-c127-4fc6-912f-363a9df14359",
              "isHook": false,
              "skipped": false
            },
            {
              "title": "Delete first contact",
              "fullTitle": "i-Doklad Delete first contact",
              "timedOut": null,
              "duration": 5782,
              "state": "passed",
              "speed": "medium",
              "pass": true,
              "fail": false,
              "pending": false,
              "context": null,
              "code": "// Go to contacts list\ncy.intercept('GET', '**/api/Contact/IndexData').as('getContactsPageTime');\ncy.getByDataUiId('csw-side-menu-address-book').should('exist').click();\ncy.wait('@getContactsPageTime', {\n  timeout: 5000\n});\n// Delete contact\ncy.get('.k-grid-container > div > div > table[role=\"presentation\"]').as('contactsTable').should('exist');\ncy.get('@contactsTable').find('tr').first().as('selectedContact').should('exist');\ncy.get('@selectedContact').within(() => {\n  cy.getByDataUiId('csw-row-action-show-more-action').as('moreActions').should('exist');\n  cy.get('@moreActions').click();\n});\ncy.getByDataUiId('csw-row-action-delete').as('deleteContact').should('exist');\ncy.get('@deleteContact').click();\ncy.intercept('GET', '**/api/Contact/ReadAjax**').as('readContactsPageTime');\ncy.getByDataUiId('csw-dialog-confirm').should('exist').click();\ncy.getByDataUiId('csw-toast-message').should('be.visible').and('contain', _domData.default.contactDeleted);\ncy.wait('@readContactsPageTime', {\n  timeout: 5000\n});",
              "err": {},
              "uuid": "b7c03486-cb9c-4098-b07d-5543c26d68fe",
              "parentUUID": "7b8c46bc-c127-4fc6-912f-363a9df14359",
              "isHook": false,
              "skipped": false
            },
            {
              "title": "Search contacts",
              "fullTitle": "i-Doklad Search contacts",
              "timedOut": null,
              "duration": 5961,
              "state": "passed",
              "speed": "medium",
              "pass": true,
              "fail": false,
              "pending": false,
              "context": null,
              "code": "// Go to contacts list\ncy.intercept('GET', '**/api/Contact/IndexData').as('getContactsPageTime');\ncy.getByDataUiId('csw-side-menu-address-book').should('exist').click();\ncy.wait('@getContactsPageTime', {\n  timeout: 5000\n});\nlet allContactsLength;\ncy.get('tr.k-master-row').then($rows => {\n  allContactsLength = $rows.length;\n});\n// Searching\ncy.getByDataUiId('csw-grid-search').as('searchField').should('exist');\ncy.intercept('GET', '**/api/Contact/ReadAjax**').as('readContactsPageTime');\ncy.get('@searchField').clear().type(_searchData.default[0].input);\ncy.wait('@readContactsPageTime', {\n  timeout: 5000\n});\ncy.get('tr.k-master-row').should($rows => {\n  expect($rows.length).to.be.lessThan(allContactsLength);\n  const searchTerm = _searchData.default[0].input.toLowerCase();\n  $rows.each((_, row) => {\n    const rowText = row.innerText.toLowerCase();\n    expect(rowText).to.include(searchTerm);\n  });\n});",
              "err": {},
              "uuid": "e8368441-431d-4347-969e-f9df792afe8c",
              "parentUUID": "7b8c46bc-c127-4fc6-912f-363a9df14359",
              "isHook": false,
              "skipped": false
            },
            {
              "title": "Sort contacts",
              "fullTitle": "i-Doklad Sort contacts",
              "timedOut": null,
              "duration": 5344,
              "state": "passed",
              "speed": "medium",
              "pass": true,
              "fail": false,
              "pending": false,
              "context": null,
              "code": "// Go to contacts list\ncy.intercept('GET', '**/api/Contact/ReadAjax**').as('getContactsPageTime');\ncy.getByDataUiId('csw-side-menu-address-book').should('exist').click();\ncy.wait('@getContactsPageTime', {\n  timeout: 5000\n});\n// A to Z sorting\ncy.get('th[aria-colindex=\"2\"]').as('sortByName').should('exist');\ncy.get('@sortByName').click();\ncy.get('tr.k-master-row').find('[data-ui-id=\"csw-company-name\"]').then($contacts => {\n  const contactTexts = $contacts.map((_, el) => Cypress.$(el).text().trim()).get();\n  const sortedContacts = [...contactTexts].sort();\n  expect(contactTexts).to.deep.equal(sortedContacts);\n});\n// Z to A sorting\ncy.get('@sortByName').click();\ncy.get('tr.k-master-row').find('[data-ui-id=\"csw-company-name\"]').then($contacts => {\n  const contactTexts = $contacts.map((_, el) => Cypress.$(el).text().trim()).get();\n  const sortedContacts = [...contactTexts].sort().reverse();\n  expect(contactTexts).to.deep.equal(sortedContacts);\n});",
              "err": {},
              "uuid": "a6c81463-5e95-496f-a10f-cfa93704f505",
              "parentUUID": "7b8c46bc-c127-4fc6-912f-363a9df14359",
              "isHook": false,
              "skipped": false
            }
          ],
          "suites": [],
          "passes": [
            "9b55cf14-a486-430c-beeb-abd333056e15",
            "56bb1d93-8dfd-42a7-936c-e64e645aaafc",
            "b7c03486-cb9c-4098-b07d-5543c26d68fe",
            "e8368441-431d-4347-969e-f9df792afe8c",
            "a6c81463-5e95-496f-a10f-cfa93704f505"
          ],
          "failures": [],
          "pending": [],
          "skipped": [],
          "duration": 44030,
          "root": false,
          "rootEmpty": false,
          "_timeout": 2000
        }
      ],
      "passes": [],
      "failures": [],
      "pending": [],
      "skipped": [],
      "duration": 0,
      "root": true,
      "rootEmpty": true,
      "_timeout": 2000
    }
  ],
  "meta": {
    "mocha": {
      "version": "7.0.1"
    },
    "mochawesome": {
      "options": {
        "quiet": false,
        "reportFilename": "mochawesome",
        "saveHtml": false,
        "saveJson": true,
        "consoleReporter": "spec",
        "useInlineDiffs": false,
        "code": true
      },
      "version": "7.1.3"
    },
    "marge": {
      "options": {
        "reportDir": "cypress/results",
        "overwrite": false,
        "html": false,
        "json": true
      },
      "version": "6.2.0"
    }
  }
}