{
  "stats": {
    "suites": 1,
    "tests": 1,
    "passes": 1,
    "pending": 0,
    "failures": 0,
    "start": "2025-05-11T19:10:39.723Z",
    "end": "2025-05-11T19:10:50.757Z",
    "duration": 11034,
    "testsRegistered": 1,
    "passPercent": 100,
    "pendingPercent": 0,
    "other": 0,
    "hasOther": false,
    "skipped": 0,
    "hasSkipped": false
  },
  "results": [
    {
      "uuid": "dcd18591-6239-404a-95a8-96afb600a4e2",
      "title": "",
      "fullFile": "cypress/e2e/ryanairSignup.cy.js",
      "file": "cypress/e2e/ryanairSignup.cy.js",
      "beforeHooks": [],
      "afterHooks": [],
      "tests": [],
      "suites": [
        {
          "uuid": "1a97b7b8-fdd6-4241-aaab-64a796290f18",
          "title": "Ryanair sign-up",
          "fullFile": "",
          "file": "",
          "beforeHooks": [],
          "afterHooks": [],
          "tests": [
            {
              "title": "Sign up",
              "fullTitle": "Ryanair sign-up Sign up",
              "timedOut": null,
              "duration": 10128,
              "state": "passed",
              "speed": "slow",
              "pass": true,
              "fail": false,
              "pending": false,
              "context": null,
              "code": "const startTime = Date.now();\ncy.visit(_ryanair.default.ryanairUrl);\n// Decline cookies\ncy.get('.cookie-popup-with-overlay__buttons').find('button').contains(_ryanair.default.declineCookies).should('exist').click();\n// Title check\ncy.title().should('eq', _ryanair.default.title);\n// Open login/signup portal\ncy.get('button').contains(_ryanair.default.portal).should('exist').click();\n// Handle iframe\ncy.get('iframe[data-ref=\"kyc-iframe\"]').should('be.visible').then($iframe => {\n  const iframeBody = $iframe.contents().find('body');\n  cy.wrap(iframeBody).find('button').contains(_ryanair.default.signUpBtn).as('signupLink').should('exist');\n  cy.get('@signupLink').click();\n  cy.wrap(iframeBody).find('button').contains(_ryanair.default.createAccountBtn).as('createAccount').should('exist');\n  // Empty fields\n  cy.get('@createAccount').click();\n  cy.wrap(iframeBody).find('ry-input-d[name=\"email\"] > span').first().as('emailValidation').should('exist').and('be.visible');\n  cy.wrap(iframeBody).find('ry-input-d[name=\"password\"] > span').first().as('passwordValidation').should('exist').and('be.visible');\n  cy.get('@emailValidation').should('have.text', _ryanair.default.requiredEmail);\n  cy.get('@passwordValidation').should('have.text', _ryanair.default.requiredPassword);\n  // Email field validation\n  cy.wrap(iframeBody).find('input[name=\"email\"]').as('emailField').should('exist').and('be.visible');\n  cy.get('@emailField').type(\"email\");\n  cy.get('@emailValidation').should('be.visible').and('have.text', _ryanair.default.invalidEmail);\n  cy.get('@emailField').clear().type(\"email@email\");\n  cy.get('@emailValidation').should('be.visible').and('have.text', _ryanair.default.invalidEmail);\n  cy.get('@emailField').clear().type(\"email.email\");\n  cy.get('@emailValidation').should('be.visible').and('have.text', _ryanair.default.invalidEmail);\n  cy.get('@emailField').clear().type(\"Ema1l@l1amE.com\");\n  cy.get('@emailValidation').should('not.be.visible');\n  // Password field validation\n  cy.wrap(iframeBody).find('input[name=\"password\"]').as('passwordField').should('exist').and('be.visible');\n  cy.get('@passwordField').type(\"passwd\");\n  cy.get('@passwordValidation').should('not.be.visible');\n  cy.wrap(iframeBody).find('ry-auth-password-validation > :nth-child(3) > :nth-child(1) > :nth-child(1)').as('oneNumberValidation').should('exist');\n  cy.wrap(iframeBody).find('ry-auth-password-validation > :nth-child(4) > :nth-child(1) > :nth-child(1)').as('eightCharactersValidation').should('exist');\n  cy.wrap(iframeBody).find('ry-auth-password-validation > :nth-child(5) > :nth-child(1) > :nth-child(1)').as('oneSmallLetterValidation').should('exist');\n  cy.wrap(iframeBody).find('ry-auth-password-validation > :nth-child(6) > :nth-child(1) > :nth-child(1)').as('oneBigLetterValidation').should('exist');\n  cy.get('@oneNumberValidation').should('have.class', 'icon--error');\n  cy.get('@eightCharactersValidation').should('have.class', 'icon--error');\n  cy.get('@oneSmallLetterValidation').should('have.class', 'icon--success');\n  cy.get('@oneBigLetterValidation').should('have.class', 'icon--error');\n  // Create an account\n  cy.createTempEmail().then(({\n    address,\n    token\n  }) => {\n    cy.log(`Používám email: ${address}`);\n    cy.get('@emailField').clear().type(address);\n    cy.get('@passwordField').clear().type(\"TestPassw0rd\");\n    cy.get('@createAccount').click({\n      force: true\n    });\n    cy.waitForEmail(token).then(email => {\n      const content = email.text || email.html;\n      if (!content) throw new Error('E-mail does not contain any HTML');\n      const codeRegex = /Your eight-digit security code is:\\s*(\\d{8})/i;\n      const match = content.match(codeRegex);\n      if (!match || !match[1]) throw new Error('Verification code was not found in the e-mail');\n      const verificationCode = match[1];\n      cy.log(`Verification code: ${verificationCode}`);\n      // Fill the verification code\n      cy.get('body').then(() => {\n        const selector = 'ry-input-d[formcontrolname=\"emailVerificationCode\"] > div > input';\n        // Form is inside new iframe\n        cy.get('iframe[data-ref=\"kyc-iframe\"]', {\n          timeout: 10000\n        }).should('be.visible').then($newIframe => {\n          const newIframeBody = $newIframe.contents().find('body');\n          cy.wrap(newIframeBody).find(selector, {\n            timeout: 10000\n          }).should('exist').type(verificationCode);\n          cy.wrap(newIframeBody).find('button[data-ref=\"email-verification-continue\"]').should('exist').click();\n        });\n      });\n      // Check the header on the profile section\n      cy.get('button.log-out').contains(_ryanair.default.logoutBtn).should('exist', {\n        timeout: 10000\n      });\n    });\n  });\n});\ncy.then(() => {\n  const duration = Date.now() - startTime;\n  cy.log(`Test duration ${duration} ms`);\n});",
              "err": {},
              "uuid": "b8efbed5-795d-4b01-913a-948c6aef4797",
              "parentUUID": "1a97b7b8-fdd6-4241-aaab-64a796290f18",
              "isHook": false,
              "skipped": false
            }
          ],
          "suites": [],
          "passes": [
            "b8efbed5-795d-4b01-913a-948c6aef4797"
          ],
          "failures": [],
          "pending": [],
          "skipped": [],
          "duration": 10128,
          "root": false,
          "rootEmpty": false,
          "_timeout": 2000
        }
      ],
      "passes": [],
      "failures": [],
      "pending": [],
      "skipped": [],
      "duration": 0,
      "root": true,
      "rootEmpty": true,
      "_timeout": 2000
    }
  ],
  "meta": {
    "mocha": {
      "version": "7.0.1"
    },
    "mochawesome": {
      "options": {
        "quiet": false,
        "reportFilename": "mochawesome",
        "saveHtml": false,
        "saveJson": true,
        "consoleReporter": "spec",
        "useInlineDiffs": false,
        "code": true
      },
      "version": "7.1.3"
    },
    "marge": {
      "options": {
        "reportDir": "cypress/results",
        "overwrite": false,
        "html": false,
        "json": true
      },
      "version": "6.2.0"
    }
  }
}