{
  "stats": {
    "suites": 1,
    "tests": 4,
    "passes": 4,
    "pending": 0,
    "failures": 0,
    "start": "2025-05-11T19:55:42.695Z",
    "end": "2025-05-11T19:56:07.218Z",
    "duration": 24523,
    "testsRegistered": 4,
    "passPercent": 100,
    "pendingPercent": 0,
    "other": 0,
    "hasOther": false,
    "skipped": 0,
    "hasSkipped": false
  },
  "results": [
    {
      "uuid": "3499c753-586e-4343-a6d6-84a0ae9d4a2b",
      "title": "",
      "fullFile": "cypress/e2e/vseNaStolniTenis.cy.js",
      "file": "cypress/e2e/vseNaStolniTenis.cy.js",
      "beforeHooks": [],
      "afterHooks": [],
      "tests": [],
      "suites": [
        {
          "uuid": "bd28230a-d619-4bb2-a43c-5759838b08b3",
          "title": "Vse na stolni tenis",
          "fullFile": "",
          "file": "",
          "beforeHooks": [],
          "afterHooks": [],
          "tests": [
            {
              "title": "Sorting tables by price",
              "fullTitle": "Vse na stolni tenis Sorting tables by price",
              "timedOut": null,
              "duration": 8109,
              "state": "passed",
              "speed": "medium",
              "pass": true,
              "fail": false,
              "pending": false,
              "context": null,
              "code": "// Tables\ncy.get('#navBarWithMegaMenu').find('li.nav-item').contains(_domData.default.categories[1]).should('exist').click({\n  force: true\n});\ncy.get('[class=\"product_price asc\"]').as('sortByPriceAsc').should('exist');\ncy.get('@sortByPriceAsc').click();\ncy.get('.pp-cat-item > a > .pp-pbody > .pp-pricebox > .price').then($prices => {\n  // Choose first 5 elements\n  const firstFivePrices = $prices.slice(0, 5).map((i, el) => {\n    return parseFloat(el.innerText.replace(/\\s?kč/i, '').replace(/\\./g, '').replace(',', '.'));\n  }).get();\n  // Verify that the prices are sorted ascending\n  const sortedPrices = [...firstFivePrices].sort((a, b) => a - b);\n  expect(firstFivePrices).to.deep.equal(sortedPrices);\n});\ncy.get('[class=\"product_price desc\"]').as('sortByPriceDesc').should('exist');\ncy.get('@sortByPriceDesc').click();\ncy.get('.pp-cat-item > a > .pp-pbody > .pp-pricebox > .price').then($prices => {\n  // Choose first 5 elements\n  const firstFivePrices = $prices.slice(0, 5).map((i, el) => {\n    return parseFloat(el.innerText.replace(/\\s?kč/i, '').replace(/\\./g, '').replace(',', '.'));\n  }).get();\n  // Verify that the prices are sorted descending\n  const sortedPrices = [...firstFivePrices].sort((a, b) => b - a);\n  expect(firstFivePrices).to.deep.equal(sortedPrices);\n});",
              "err": {},
              "uuid": "5d8d52f4-ba97-44cc-9422-b9bd77dfb833",
              "parentUUID": "bd28230a-d619-4bb2-a43c-5759838b08b3",
              "isHook": false,
              "skipped": false
            },
            {
              "title": "Filtering tables by brand",
              "fullTitle": "Vse na stolni tenis Filtering tables by brand",
              "timedOut": null,
              "duration": 6499,
              "state": "passed",
              "speed": "medium",
              "pass": true,
              "fail": false,
              "pending": false,
              "context": null,
              "code": "// Tables\ncy.get('#catmenu1').contains(_domData.default.categories[1]).should('exist').click({\n  force: true\n});\ncy.get('div[data-name=\"znacka\"] > div > ul > li').contains(_tables.default[0].brand).as('firstBrand').should('exist');\ncy.get('div[data-name=\"znacka\"] > div > ul > li').contains(_tables.default[1].brand).as('secondBrand').should('exist');\ncy.get('div[data-name=\"znacka\"] > div > ul > li').contains(_tables.default[2].brand).as('thirdBrand').should('exist');\ncy.get('@firstBrand').click();\ncy.get('.pp-cat-item > a > .pp-pbody > .pp-titlebox').each($el => {\n  cy.wrap($el).should('contain.text', _tables.default[0].brand);\n});\ncy.get('@firstBrand').click();\ncy.get('@secondBrand').click();\ncy.get('.pp-cat-item > a > .pp-pbody > .pp-titlebox').each($el => {\n  cy.wrap($el).should('contain.text', _tables.default[1].brand);\n});\ncy.get('@secondBrand').click();\ncy.get('@thirdBrand').click();\ncy.get('.pp-cat-item > a > .pp-pbody > .pp-titlebox').each($el => {\n  cy.wrap($el).should('contain.text', _tables.default[2].brand);\n});",
              "err": {},
              "uuid": "c1d64a8f-4ca7-480e-a24e-10bce3ce1cc6",
              "parentUUID": "bd28230a-d619-4bb2-a43c-5759838b08b3",
              "isHook": false,
              "skipped": false
            },
            {
              "title": "Check contact info of all stores",
              "fullTitle": "Vse na stolni tenis Check contact info of all stores",
              "timedOut": null,
              "duration": 4076,
              "state": "passed",
              "speed": "fast",
              "pass": true,
              "fail": false,
              "pending": false,
              "context": null,
              "code": "// Go to contacts page\ncy.get('#navBarWithDropdown').find('li.nav-item').contains(_domData.default.headerMenuItems[2]).should('exist').click({\n  force: true\n});\n// Check the number of stores\ncy.get('.pp-blog-item').as('stores').should('exist');\ncy.get('@stores').should('have.length', _domData.default.stores.length);\n// Check the info of each store\ncy.get('@stores').each(($el, index) => {\n  cy.wrap($el).should('contain.text', _domData.default.stores[index].name);\n  cy.wrap($el).should('contain.text', _domData.default.stores[index].street);\n  cy.wrap($el).should('contain.text', _domData.default.stores[index].city);\n  cy.wrap($el).invoke('text').then(text => {\n    const cleanedText = text.replace(/\\s+/g, ' ').trim();\n    expect(cleanedText).to.contain(_domData.default.stores[index].openingHours);\n  });\n});",
              "err": {},
              "uuid": "79845ce7-d3e3-497c-bea3-a44bfcac4671",
              "parentUUID": "bd28230a-d619-4bb2-a43c-5759838b08b3",
              "isHook": false,
              "skipped": false
            },
            {
              "title": "Language translations",
              "fullTitle": "Vse na stolni tenis Language translations",
              "timedOut": null,
              "duration": 4615,
              "state": "passed",
              "speed": "fast",
              "pass": true,
              "fail": false,
              "pending": false,
              "context": null,
              "code": "// Iterate trough all the languages\n_languages.default.forEach((language, index) => {\n  // Check the URL\n  cy.url().should('eq', language.url);\n  // Check the title\n  cy.title().should('eq', language.title);\n  // Check search field placeholder\n  cy.get('#desktopsearch > form > input[type=\"search\"]').as('searchField').should('exist');\n  cy.get('@searchField').should('have.attr', 'placeholder', language.searchPlaceholder);\n  // Check description of the flag image\n  cy.get('#languageChooser').as('flag').should('exist');\n  cy.get('@flag').find('#flag > img').should('have.attr', 'alt', language.flagAlt);\n  // Change the language\n  cy.get('@flag').click();\n  cy.get('#languageDropdown').as('otherLanguages').should('be.visible');\n  cy.get('@otherLanguages').find('.btn').should('have.length', _languages.default.length - 1);\n  if (index !== _languages.default.length - 1) {\n    cy.intercept('GET', '**/api/v1/widget/translations/lang/**').as('reloadTime');\n    cy.get('@otherLanguages').find('.btn').eq(index).click();\n    cy.wait('@reloadTime');\n  }\n});",
              "err": {},
              "uuid": "3f932f3a-295c-49de-8b94-5c95f99b62b6",
              "parentUUID": "bd28230a-d619-4bb2-a43c-5759838b08b3",
              "isHook": false,
              "skipped": false
            }
          ],
          "suites": [],
          "passes": [
            "5d8d52f4-ba97-44cc-9422-b9bd77dfb833",
            "c1d64a8f-4ca7-480e-a24e-10bce3ce1cc6",
            "79845ce7-d3e3-497c-bea3-a44bfcac4671",
            "3f932f3a-295c-49de-8b94-5c95f99b62b6"
          ],
          "failures": [],
          "pending": [],
          "skipped": [],
          "duration": 23299,
          "root": false,
          "rootEmpty": false,
          "_timeout": 2000
        }
      ],
      "passes": [],
      "failures": [],
      "pending": [],
      "skipped": [],
      "duration": 0,
      "root": true,
      "rootEmpty": true,
      "_timeout": 2000
    }
  ],
  "meta": {
    "mocha": {
      "version": "7.0.1"
    },
    "mochawesome": {
      "options": {
        "quiet": false,
        "reportFilename": "mochawesome",
        "saveHtml": false,
        "saveJson": true,
        "consoleReporter": "spec",
        "useInlineDiffs": false,
        "code": true
      },
      "version": "7.1.3"
    },
    "marge": {
      "options": {
        "reportDir": "cypress/results",
        "overwrite": false,
        "html": false,
        "json": true
      },
      "version": "6.2.0"
    }
  }
}